
> students@0.0.0 dev
> vite

4:17:49 AM [vite] (client) Re-optimizing dependencies because lockfile has changed
Port 5000 is in use, trying another one...
Port 5001 is in use, trying another one...

  VITE v6.4.1  ready in 456 ms

  ➜  Local:   http://localhost:5002/
  ➜  Network: http://192.168.0.2:5002/
2:16:51 PM [vite] (client) hmr update /components/VideoPlaylistView.tsx
2:19:05 PM [vite] (client) hmr update /components/VideoPlaylistView.tsx
2:22:21 PM [vite] (client) hmr update /components/AdminDashboard.tsx
2:23:06 PM [vite] (client) hmr update /components/AdminDashboard.tsx
2:23:23 PM [vite] (client) hmr update /components/AdminDashboard.tsx
2:23:31 PM [vite] (client) hmr update /components/AdminDashboard.tsx
2:23:56 PM [vite] (client) hmr update /components/AdminDashboard.tsx
2:25:11 PM [vite] (client) hmr update /components/StudentDashboard.tsx
3:09:42 PM [vite] (client) hmr update /components/UniversalChat.tsx
3:10:15 PM [vite] (client) hmr update /components/AdminDashboard.tsx
3:11:44 PM [vite] (client) hmr update /components/ChapterSelection.tsx
3:13:50 PM [vite] (client) hmr update /components/StudentDashboard.tsx
3:13:58 PM [vite] (client) hmr update /components/StudentDashboard.tsx
3:14:30 PM [vite] (client) hmr update /components/StudentDashboard.tsx
4:03:06 PM [vite] (client) hmr update /components/Auth.tsx
4:04:34 PM [vite] (client) hmr update /components/ChapterSelection.tsx
